#-----------------------------------------------------------
# Vivado v2022.1 (64-bit)
# SW Build 3526262 on Mon Apr 18 15:47:01 MDT 2022
# IP Build 3524634 on Mon Apr 18 20:55:01 MDT 2022
# Start of session at: Sun Dec 10 05:04:53 2023
# Process ID: 7096
# Current directory: /home/ubuntu/Desktop/Lab_wlos_new/vivado
# Command line: vivado
# Log file: /home/ubuntu/Desktop/Lab_wlos_new/vivado/vivado.log
# Journal file: /home/ubuntu/Desktop/Lab_wlos_new/vivado/vivado.jou
# Running On: ubuntu2004, OS: Linux, CPU Frequency: 2688.010 MHz, CPU Physical cores: 4, Host memory: 10424 MB
#-----------------------------------------------------------
start_gui
WARNING: [Board 49-26] cannot add Board Part xilinx.com:vpk120_es:part0:1.2 available at /tools/Xilinx/Vivado/2022.1/data/xhub/boards/XilinxBoardStore/boards/Xilinx/vpk120/es/1.2/board.xml as part xcvp1202-vsva2785-2mp-e-s-es1 specified in board_part file is either invalid or not available
WARNING: [Board 49-26] cannot add Board Part xilinx.com:vpk120_es_revb:part0:1.0 available at /tools/Xilinx/Vivado/2022.1/data/xhub/boards/XilinxBoardStore/boards/Xilinx/vpk120_revb/es/1.0/board.xml as part xcvp1202-vsva2785-2mp-e-s-es1 specified in board_part file is either invalid or not available
WARNING: [Board 49-26] cannot add Board Part xilinx.com:zcu208ld:part0:2.0 available at /tools/Xilinx/Vivado/2022.1/data/xhub/boards/XilinxBoardStore/boards/Xilinx/zcu208ld/production/2.0/board.xml as part xczu58dr-fsvg1517-2-i specified in board_part file is either invalid or not available
WARNING: [Board 49-26] cannot add Board Part xilinx.com:zcu216ld:part0:2.0 available at /tools/Xilinx/Vivado/2022.1/data/xhub/boards/XilinxBoardStore/boards/Xilinx/zcu216ld/production/2.0/board.xml as part xczu59dr-ffvf1760-2-i specified in board_part file is either invalid or not available
WARNING: [Board 49-26] cannot add Board Part xilinx.com:zcu670:part0:2.0 available at /tools/Xilinx/Vivado/2022.1/data/xhub/boards/XilinxBoardStore/boards/Xilinx/zcu670/2.0/board.xml as part xczu67dr-fsve1156-2-i specified in board_part file is either invalid or not available
WARNING: [Board 49-26] cannot add Board Part xilinx.com:zcu670ld:part0:1.0 available at /tools/Xilinx/Vivado/2022.1/data/xhub/boards/XilinxBoardStore/boards/Xilinx/zcu670ld/1.0/board.xml as part xczu57dr-fsve1156-2-i specified in board_part file is either invalid or not available
open_project /home/ubuntu/Desktop/Lab_wlos_new/vivado/vvd_caravel_fpga/vvd_caravel_fpga.xpr
Scanning sources...
Finished scanning sources
INFO: [Project 1-1877] Auto incremental dir location '/home/tonyho/workspace_willy/caravel_fpga/project/vitis_prj/hls_read_romcode/D:/Caravel_Soc/vvd_caravel_fpga/vvd_caravel_fpga.srcs/utils_1/imports/synth_1' of run 'synth_1' is not writable, setting it to default location '/home/ubuntu/Desktop/Lab_wlos_new/vivado/vvd_caravel_fpga/vvd_caravel_fpga.srcs/utils_1/imports/synth_1'.
INFO: [Project 1-1877] Auto incremental dir location '/home/tonyho/workspace_willy/caravel_fpga/project/vitis_prj/hls_read_romcode/D:/Caravel_Soc/vvd_caravel_fpga/vvd_caravel_fpga.srcs/utils_1/imports/impl_1' of run 'impl_1' is not writable, setting it to default location '/home/ubuntu/Desktop/Lab_wlos_new/vivado/vvd_caravel_fpga/vvd_caravel_fpga.srcs/utils_1/imports/impl_1'.
INFO: [IP_Flow 19-234] Refreshing IP repositories
INFO: [IP_Flow 19-1700] Loaded user IP repository '/home/ubuntu/Desktop/Lab_wlos_new/vivado/vitis_prj/hls_caravel_ps'.
INFO: [IP_Flow 19-1700] Loaded user IP repository '/home/ubuntu/Desktop/Lab_wlos_new/vivado/vitis_prj/hls_output_pin'.
INFO: [IP_Flow 19-1700] Loaded user IP repository '/home/ubuntu/Desktop/Lab_wlos_new/vivado/vitis_prj/hls_read_romcode'.
INFO: [IP_Flow 19-2313] Loaded Vivado IP repository '/tools/Xilinx/Vivado/2022.1/data/ip'.
open_project: Time (s): cpu = 00:00:08 ; elapsed = 00:00:07 . Memory (MB): peak = 7690.820 ; gain = 157.484 ; free physical = 5159 ; free virtual = 8650
update_compile_order -fileset sources_1
open_bd_design {/home/ubuntu/Desktop/Lab_wlos_new/vivado/vvd_caravel_fpga/vvd_caravel_fpga.srcs/sources_1/bd/design_1/design_1.bd}
Reading block design file </home/ubuntu/Desktop/Lab_wlos_new/vivado/vvd_caravel_fpga/vvd_caravel_fpga.srcs/sources_1/bd/design_1/design_1.bd>...
Adding component instance block -- xilinx.com:ip:axi_interconnect:2.1 - axi_mem_intercon
Adding component instance block -- xilinx.com:ip:axi_protocol_converter:2.1 - auto_pc
Adding component instance block -- xilinx.com:ip:axi_dwidth_converter:2.1 - auto_us
Adding component instance block -- xilinx.com:ip:blk_mem_gen:8.4 - blk_mem_gen_0
Adding component instance block -- xilinx.com:module_ref:caravel:1.0 - caravel_0
Adding component instance block -- xilinx.com:hls:caravel_ps:0.0 - caravel_ps_0
Adding component instance block -- xilinx.com:hls:output_pin:0.0 - output_pin_0
Adding component instance block -- xilinx.com:ip:processing_system7:5.5 - processing_system7_0
Adding component instance block -- xilinx.com:ip:axi_interconnect:2.1 - ps7_0_axi_periph
Adding component instance block -- xilinx.com:ip:axi_crossbar:2.1 - xbar
Adding component instance block -- xilinx.com:ip:axi_protocol_converter:2.1 - auto_pc
Adding component instance block -- xilinx.com:hls:read_romcode:0.0 - read_romcode_0
Adding component instance block -- xilinx.com:ip:proc_sys_reset:5.0 - rst_ps7_0_10M
Adding component instance block -- xilinx.com:module_ref:spiflash:1.0 - spiflash_0
Adding component instance block -- xilinx.com:ip:axi_uartlite:2.0 - axi_uartlite_0
Adding component instance block -- xilinx.com:ip:axi_intc:4.1 - axi_intc_0
Adding component instance block -- xilinx.com:ip:xlslice:1.0 - xlslice_0
Adding component instance block -- xilinx.com:ip:xlconcat:2.1 - xlconcat_0
Adding component instance block -- xilinx.com:ip:xlconstant:1.1 - xlconstant_0
Adding component instance block -- xilinx.com:ip:xlconstant:1.1 - xlconstant_1
Successfully read diagram <design_1> from block design file </home/ubuntu/Desktop/Lab_wlos_new/vivado/vvd_caravel_fpga/vvd_caravel_fpga.srcs/sources_1/bd/design_1/design_1.bd>
open_bd_design: Time (s): cpu = 00:00:07 ; elapsed = 00:00:10 . Memory (MB): peak = 8057.285 ; gain = 0.000 ; free physical = 379 ; free virtual = 4000
open_run synth_1 -name synth_1
Design is defaulting to impl run constrset: constrs_1
Design is defaulting to synth run part: xc7z020clg400-1
INFO: [Device 21-403] Loading part xc7z020clg400-1
INFO: [Project 1-454] Reading design checkpoint '/home/ubuntu/Desktop/Lab_wlos_new/vivado/vvd_caravel_fpga/vvd_caravel_fpga.gen/sources_1/bd/design_1/ip/design_1_axi_intc_0_0/design_1_axi_intc_0_0.dcp' for cell 'design_1_i/axi_intc_0'
INFO: [Project 1-454] Reading design checkpoint '/home/ubuntu/Desktop/Lab_wlos_new/vivado/vvd_caravel_fpga/vvd_caravel_fpga.gen/sources_1/bd/design_1/ip/design_1_axi_uartlite_0_0/design_1_axi_uartlite_0_0.dcp' for cell 'design_1_i/axi_uartlite_0'
INFO: [Project 1-454] Reading design checkpoint '/home/ubuntu/Desktop/Lab_wlos_new/vivado/vvd_caravel_fpga/vvd_caravel_fpga.gen/sources_1/bd/design_1/ip/design_1_blk_mem_gen_0_0/design_1_blk_mem_gen_0_0.dcp' for cell 'design_1_i/blk_mem_gen_0'
INFO: [Project 1-454] Reading design checkpoint '/home/ubuntu/Desktop/Lab_wlos_new/vivado/vvd_caravel_fpga/vvd_caravel_fpga.gen/sources_1/bd/design_1/ip/design_1_caravel_0_0/design_1_caravel_0_0.dcp' for cell 'design_1_i/caravel_0'
INFO: [Project 1-454] Reading design checkpoint '/home/ubuntu/Desktop/Lab_wlos_new/vivado/vvd_caravel_fpga/vvd_caravel_fpga.gen/sources_1/bd/design_1/ip/design_1_caravel_ps_0_0/design_1_caravel_ps_0_0.dcp' for cell 'design_1_i/caravel_ps_0'
INFO: [Project 1-454] Reading design checkpoint '/home/ubuntu/Desktop/Lab_wlos_new/vivado/vvd_caravel_fpga/vvd_caravel_fpga.gen/sources_1/bd/design_1/ip/design_1_output_pin_0_0/design_1_output_pin_0_0.dcp' for cell 'design_1_i/output_pin_0'
INFO: [Project 1-454] Reading design checkpoint '/home/ubuntu/Desktop/Lab_wlos_new/vivado/vvd_caravel_fpga/vvd_caravel_fpga.gen/sources_1/bd/design_1/ip/design_1_processing_system7_0_0/design_1_processing_system7_0_0.dcp' for cell 'design_1_i/processing_system7_0'
INFO: [Project 1-454] Reading design checkpoint '/home/ubuntu/Desktop/Lab_wlos_new/vivado/vvd_caravel_fpga/vvd_caravel_fpga.gen/sources_1/bd/design_1/ip/design_1_read_romcode_0_0/design_1_read_romcode_0_0.dcp' for cell 'design_1_i/read_romcode_0'
INFO: [Project 1-454] Reading design checkpoint '/home/ubuntu/Desktop/Lab_wlos_new/vivado/vvd_caravel_fpga/vvd_caravel_fpga.gen/sources_1/bd/design_1/ip/design_1_rst_ps7_0_10M_0/design_1_rst_ps7_0_10M_0.dcp' for cell 'design_1_i/rst_ps7_0_10M'
INFO: [Project 1-454] Reading design checkpoint '/home/ubuntu/Desktop/Lab_wlos_new/vivado/vvd_caravel_fpga/vvd_caravel_fpga.gen/sources_1/bd/design_1/ip/design_1_spiflash_0_0/design_1_spiflash_0_0.dcp' for cell 'design_1_i/spiflash_0'
INFO: [Project 1-454] Reading design checkpoint '/home/ubuntu/Desktop/Lab_wlos_new/vivado/vvd_caravel_fpga/vvd_caravel_fpga.gen/sources_1/bd/design_1/ip/design_1_auto_pc_0/design_1_auto_pc_0.dcp' for cell 'design_1_i/axi_mem_intercon/s00_couplers/auto_pc'
INFO: [Project 1-454] Reading design checkpoint '/home/ubuntu/Desktop/Lab_wlos_new/vivado/vvd_caravel_fpga/vvd_caravel_fpga.gen/sources_1/bd/design_1/ip/design_1_auto_us_0/design_1_auto_us_0.dcp' for cell 'design_1_i/axi_mem_intercon/s00_couplers/auto_us'
INFO: [Project 1-454] Reading design checkpoint '/home/ubuntu/Desktop/Lab_wlos_new/vivado/vvd_caravel_fpga/vvd_caravel_fpga.gen/sources_1/bd/design_1/ip/design_1_xbar_0/design_1_xbar_0.dcp' for cell 'design_1_i/ps7_0_axi_periph/xbar'
INFO: [Project 1-454] Reading design checkpoint '/home/ubuntu/Desktop/Lab_wlos_new/vivado/vvd_caravel_fpga/vvd_caravel_fpga.gen/sources_1/bd/design_1/ip/design_1_auto_pc_1/design_1_auto_pc_1.dcp' for cell 'design_1_i/ps7_0_axi_periph/s00_couplers/auto_pc'
Netlist sorting complete. Time (s): cpu = 00:00:00.1 ; elapsed = 00:00:00.18 . Memory (MB): peak = 9278.539 ; gain = 0.000 ; free physical = 136 ; free virtual = 2902
INFO: [Netlist 29-17] Analyzing 493 Unisim elements for replacement
INFO: [Netlist 29-28] Unisim Transformation completed in 0 CPU seconds
INFO: [Project 1-479] Netlist was created with Vivado 2022.1
INFO: [Project 1-570] Preparing netlist for logic optimization
Parsing XDC File [/home/ubuntu/Desktop/Lab_wlos_new/vivado/vvd_caravel_fpga/vvd_caravel_fpga.gen/sources_1/bd/design_1/ip/design_1_processing_system7_0_0/design_1_processing_system7_0_0.xdc] for cell 'design_1_i/processing_system7_0/inst'
Finished Parsing XDC File [/home/ubuntu/Desktop/Lab_wlos_new/vivado/vvd_caravel_fpga/vvd_caravel_fpga.gen/sources_1/bd/design_1/ip/design_1_processing_system7_0_0/design_1_processing_system7_0_0.xdc] for cell 'design_1_i/processing_system7_0/inst'
Parsing XDC File [/home/ubuntu/Desktop/Lab_wlos_new/vivado/vvd_caravel_fpga/vvd_caravel_fpga.gen/sources_1/bd/design_1/ip/design_1_rst_ps7_0_10M_0/design_1_rst_ps7_0_10M_0_board.xdc] for cell 'design_1_i/rst_ps7_0_10M/U0'
Finished Parsing XDC File [/home/ubuntu/Desktop/Lab_wlos_new/vivado/vvd_caravel_fpga/vvd_caravel_fpga.gen/sources_1/bd/design_1/ip/design_1_rst_ps7_0_10M_0/design_1_rst_ps7_0_10M_0_board.xdc] for cell 'design_1_i/rst_ps7_0_10M/U0'
Parsing XDC File [/home/ubuntu/Desktop/Lab_wlos_new/vivado/vvd_caravel_fpga/vvd_caravel_fpga.gen/sources_1/bd/design_1/ip/design_1_rst_ps7_0_10M_0/design_1_rst_ps7_0_10M_0.xdc] for cell 'design_1_i/rst_ps7_0_10M/U0'
Finished Parsing XDC File [/home/ubuntu/Desktop/Lab_wlos_new/vivado/vvd_caravel_fpga/vvd_caravel_fpga.gen/sources_1/bd/design_1/ip/design_1_rst_ps7_0_10M_0/design_1_rst_ps7_0_10M_0.xdc] for cell 'design_1_i/rst_ps7_0_10M/U0'
Parsing XDC File [/home/ubuntu/Desktop/Lab_wlos_new/vivado/vvd_caravel_fpga/vvd_caravel_fpga.gen/sources_1/bd/design_1/ip/design_1_axi_uartlite_0_0/design_1_axi_uartlite_0_0_board.xdc] for cell 'design_1_i/axi_uartlite_0/U0'
Finished Parsing XDC File [/home/ubuntu/Desktop/Lab_wlos_new/vivado/vvd_caravel_fpga/vvd_caravel_fpga.gen/sources_1/bd/design_1/ip/design_1_axi_uartlite_0_0/design_1_axi_uartlite_0_0_board.xdc] for cell 'design_1_i/axi_uartlite_0/U0'
Parsing XDC File [/home/ubuntu/Desktop/Lab_wlos_new/vivado/vvd_caravel_fpga/vvd_caravel_fpga.gen/sources_1/bd/design_1/ip/design_1_axi_uartlite_0_0/design_1_axi_uartlite_0_0.xdc] for cell 'design_1_i/axi_uartlite_0/U0'
Finished Parsing XDC File [/home/ubuntu/Desktop/Lab_wlos_new/vivado/vvd_caravel_fpga/vvd_caravel_fpga.gen/sources_1/bd/design_1/ip/design_1_axi_uartlite_0_0/design_1_axi_uartlite_0_0.xdc] for cell 'design_1_i/axi_uartlite_0/U0'
Parsing XDC File [/home/ubuntu/Desktop/Lab_wlos_new/vivado/vvd_caravel_fpga/vvd_caravel_fpga.gen/sources_1/bd/design_1/ip/design_1_axi_intc_0_0/design_1_axi_intc_0_0.xdc] for cell 'design_1_i/axi_intc_0/U0'
Finished Parsing XDC File [/home/ubuntu/Desktop/Lab_wlos_new/vivado/vvd_caravel_fpga/vvd_caravel_fpga.gen/sources_1/bd/design_1/ip/design_1_axi_intc_0_0/design_1_axi_intc_0_0.xdc] for cell 'design_1_i/axi_intc_0/U0'
Parsing XDC File [/home/ubuntu/Desktop/Lab_wlos_new/vivado/vvd_caravel_fpga/vvd_caravel_fpga.gen/sources_1/bd/design_1/ip/design_1_auto_us_0/design_1_auto_us_0_clocks.xdc] for cell 'design_1_i/axi_mem_intercon/s00_couplers/auto_us/inst'
Finished Parsing XDC File [/home/ubuntu/Desktop/Lab_wlos_new/vivado/vvd_caravel_fpga/vvd_caravel_fpga.gen/sources_1/bd/design_1/ip/design_1_auto_us_0/design_1_auto_us_0_clocks.xdc] for cell 'design_1_i/axi_mem_intercon/s00_couplers/auto_us/inst'
Parsing XDC File [/home/ubuntu/Desktop/Lab_wlos_new/vivado/vvd_caravel_fpga/vvd_caravel_fpga.gen/sources_1/bd/design_1/ip/design_1_axi_intc_0_0/design_1_axi_intc_0_0_clocks.xdc] for cell 'design_1_i/axi_intc_0/U0'
Finished Parsing XDC File [/home/ubuntu/Desktop/Lab_wlos_new/vivado/vvd_caravel_fpga/vvd_caravel_fpga.gen/sources_1/bd/design_1/ip/design_1_axi_intc_0_0/design_1_axi_intc_0_0_clocks.xdc] for cell 'design_1_i/axi_intc_0/U0'
INFO: [Project 1-1714] 1 XPM XDC files have been applied to the design.
INFO: [Opt 31-138] Pushed 0 inverter(s) to 0 load pin(s).
Netlist sorting complete. Time (s): cpu = 00:00:00.01 ; elapsed = 00:00:00 . Memory (MB): peak = 9388.738 ; gain = 0.000 ; free physical = 130 ; free virtual = 2780
INFO: [Project 1-111] Unisim Transformation Summary:
  A total of 5 instances were transformed.
  RAM32M => RAM32M (RAMD32(x6), RAMS32(x2)): 4 instances
  RAM32X1D => RAM32X1D (RAMD32(x2)): 1 instance 

open_run: Time (s): cpu = 00:00:14 ; elapsed = 00:00:14 . Memory (MB): peak = 9554.125 ; gain = 275.586 ; free physical = 136 ; free virtual = 2688
